<?xml version="1.0" encoding="UTF-8"?>
<testng-results ignored="0" total="2" passed="2" failed="0" skipped="0">
  <reporter-output>
  </reporter-output>
  <suite started-at="2023-12-22T20:35:33Z" name="Default suite" finished-at="2023-12-22T20:35:35Z" duration-ms="1915">
    <groups>
    </groups>
    <test started-at="2023-12-22T20:35:33Z" name="Default test" finished-at="2023-12-22T20:35:35Z" duration-ms="1915">
      <class name="testCases.DeleteOneAccount">
        <test-method signature="DeleteOneAccount()[pri:1, instance:testCases.DeleteOneAccount@66522ead]" started-at="2023-12-22T20:35:33Z" name="DeleteOneAccount" finished-at="2023-12-22T20:35:34Z" duration-ms="876" status="PASS">
          <reporter-output>
          </reporter-output>
        </test-method> <!-- DeleteOneAccount -->
        <test-method signature="readOneAccount()[pri:2, instance:testCases.DeleteOneAccount@66522ead]" started-at="2023-12-22T20:35:34Z" name="readOneAccount" finished-at="2023-12-22T20:35:35Z" duration-ms="1012" status="PASS">
          <reporter-output>
          </reporter-output>
        </test-method> <!-- readOneAccount -->
      </class> <!-- testCases.DeleteOneAccount -->
    </test> <!-- Default test -->
  </suite> <!-- Default suite -->
</testng-results>
